#-----------------------------------------------------------
# Vivado v2021.2 (64-bit)
# SW Build 3367213 on Tue Oct 19 02:48:09 MDT 2021
# IP Build 3369179 on Thu Oct 21 08:25:16 MDT 2021
# Start of session at: Fri Jun  2 14:49:18 2023
# Process ID: 252
# Current directory: O:/ENGS31/MorseCode_VGA
# Command line: vivado.exe -gui_launcher_event rodinguilauncherevent8796 O:\ENGS31\MorseCode_VGA\MorseCode_VGA.xpr
# Log file: O:/ENGS31/MorseCode_VGA/vivado.log
# Journal file: O:/ENGS31/MorseCode_VGA\vivado.jou
# Running On: mecha-6, OS: Windows, CPU Frequency: 3504 MHz, CPU Physical cores: 4, Host memory: 16954 MB
#-----------------------------------------------------------
start_gui
open_project O:/ENGS31/MorseCode_VGA/MorseCode_VGA.xpr
WARNING: [Board 49-26] cannot add Board Part alpha-data.com:admpa100_2ms:part0:1.0 available at C:/Xilinx/Vivado/2021.2/data/xhub/boards/XilinxBoardStore/boards/AlphaData/admpa100_2ms/1.0/board.xml as part xcvc1902-vsva2197-2mp-e-s specified in board_part file is either invalid or not available
WARNING: [Board 49-26] cannot add Board Part alpha-data.com:admpa101_2ms:part0:1.1 available at C:/Xilinx/Vivado/2021.2/data/xhub/boards/XilinxBoardStore/boards/AlphaData/admpa101_2ms/1.1/board.xml as part xcvm1802-vsva2197-2mp-e-s specified in board_part file is either invalid or not available
WARNING: [Board 49-26] cannot add Board Part avnet.com:ultra96v1:part0:1.2 available at C:/Xilinx/Vivado/2021.2/data/xhub/boards/XilinxBoardStore/boards/Avnet/ultra96v1/1.2/board.xml as part xczu3eg-sbva484-1-e specified in board_part file is either invalid or not available
WARNING: [Board 49-26] cannot add Board Part avnet.com:ultra96v2:part0:1.1 available at C:/Xilinx/Vivado/2021.2/data/xhub/boards/XilinxBoardStore/boards/Avnet/ultra96v2/1.1/board.xml as part xczu3eg-sbva484-1-i specified in board_part file is either invalid or not available
WARNING: [Board 49-26] cannot add Board Part avnet.com:ultra96v2:part0:1.2 available at C:/Xilinx/Vivado/2021.2/data/xhub/boards/XilinxBoardStore/boards/Avnet/ultra96v2/1.2/board.xml as part xczu3eg-sbva484-1-i specified in board_part file is either invalid or not available
WARNING: [Board 49-26] cannot add Board Part avnet.com:ultrazed_7ev_cc:part0:1.5 available at C:/Xilinx/Vivado/2021.2/data/xhub/boards/XilinxBoardStore/boards/Avnet/ultrazed_7ev_cc/1.5/board.xml as part xczu7ev-fbvb900-1-i specified in board_part file is either invalid or not available
WARNING: [Board 49-26] cannot add Board Part avnet.com:ultrazed_eg_iocc_production:part0:1.2 available at C:/Xilinx/Vivado/2021.2/data/xhub/boards/XilinxBoardStore/boards/Avnet/ultrazed_3eg_iocc/1.2/board.xml as part xczu3eg-sfva625-1-i specified in board_part file is either invalid or not available
WARNING: [Board 49-26] cannot add Board Part avnet.com:ultrazed_eg_pciecc_production:part0:1.3 available at C:/Xilinx/Vivado/2021.2/data/xhub/boards/XilinxBoardStore/boards/Avnet/ultrazed_3eg_pciecc/1.3/board.xml as part xczu3eg-sfva625-1-i specified in board_part file is either invalid or not available
WARNING: [Board 49-26] cannot add Board Part avnet.com:zuboard_1cg:part0:1.0 available at C:/Xilinx/Vivado/2021.2/data/xhub/boards/XilinxBoardStore/boards/Avnet/zub1cg/1.0/board.xml as part xczu1cg-sbva484-1-e specified in board_part file is either invalid or not available
WARNING: [Board 49-26] cannot add Board Part digilentinc.com:arty-s7-25:part0:1.0 available at C:/Xilinx/Vivado/2021.2/data/xhub/boards/XilinxBoardStore/boards/Digilent/arty-s7-25/E.0/board.xml as part xc7s25csga324-1 specified in board_part file is either invalid or not available
WARNING: [Board 49-26] cannot add Board Part digilentinc.com:arty-s7-50:part0:1.0 available at C:/Xilinx/Vivado/2021.2/data/xhub/boards/XilinxBoardStore/boards/Digilent/arty-s7-50/B.0/board.xml as part xc7s50csga324-1 specified in board_part file is either invalid or not available
WARNING: [Board 49-26] cannot add Board Part digilentinc.com:genesys2:part0:1.1 available at C:/Xilinx/Vivado/2021.2/data/xhub/boards/XilinxBoardStore/boards/Digilent/genesys2/H/board.xml as part xc7k325tffg900-2 specified in board_part file is either invalid or not available
WARNING: [Board 49-26] cannot add Board Part iwavesystems.com:iw-g30m-c4ev-4e002g-e008g-lia:part0:1.0 available at C:/Xilinx/Vivado/2021.2/data/xhub/boards/XilinxBoardStore/boards/iWave/iw-g30m-c4ev-4e002g-e008g-lia/1.0/board.xml as part xczu4ev-fbvb900-1-i specified in board_part file is either invalid or not available
WARNING: [Board 49-26] cannot add Board Part iwavesystems.com:iw-g30m-c7ev-4e004g-e008g-lea:part0:1.0 available at C:/Xilinx/Vivado/2021.2/data/xhub/boards/XilinxBoardStore/boards/iWave/iw-g30m-c7ev-4e004g-e008g-lea/1.0/board.xml as part xczu7ev-fbvb900-1-e specified in board_part file is either invalid or not available
WARNING: [Board 49-26] cannot add Board Part iwavesystems.com:iw-g35m-11eg-4e004g-e008g-lia:part0:1.0 available at C:/Xilinx/Vivado/2021.2/data/xhub/boards/XilinxBoardStore/boards/iWave/iw-g35m-11eg-4e004g-e008g-lia/1.0/board.xml as part xczu11eg-ffvc1760-1-i specified in board_part file is either invalid or not available
WARNING: [Board 49-26] cannot add Board Part iwavesystems.com:iw-g35m-17eg-4e004g-e008g-lia:part0:1.0 available at C:/Xilinx/Vivado/2021.2/data/xhub/boards/XilinxBoardStore/boards/iWave/iw-g35m-17eg-4e004g-e008g-lia/1.0/board.xml as part xczu17eg-ffvc1760-1-i specified in board_part file is either invalid or not available
WARNING: [Board 49-26] cannot add Board Part iwavesystems.com:iw-g35m-19eg-4e004g-e008g-lia:part0:1.0 available at C:/Xilinx/Vivado/2021.2/data/xhub/boards/XilinxBoardStore/boards/iWave/iw-g35m-19eg-4e004g-e008g-lia/1.0/board.xml as part xczu19eg-ffvc1760-1-i specified in board_part file is either invalid or not available
WARNING: [Board 49-26] cannot add Board Part iwavesystems.com:iw-g36s-2cg1-4e002g-e008g-bee:part0:1.0 available at C:/Xilinx/Vivado/2021.2/data/xhub/boards/XilinxBoardStore/boards/iWave/iw-g36s-2cg1-4e002g-e008g-bee/1.0/board.xml as part xczu2cg-sfvc784-1-e specified in board_part file is either invalid or not available
WARNING: [Board 49-26] cannot add Board Part iwavesystems.com:iw-g36s-3eg1-4e002g-e008g-bee:part0:1.0 available at C:/Xilinx/Vivado/2021.2/data/xhub/boards/XilinxBoardStore/boards/iWave/iw-g36s-3eg1-4e002g-e008g-bee/1.0/board.xml as part xczu3eg-sfvc784-1-e specified in board_part file is either invalid or not available
WARNING: [Board 49-26] cannot add Board Part iwavesystems.com:iw-g36s-4ev1-4e002g-e008g-bee:part0:1.0 available at C:/Xilinx/Vivado/2021.2/data/xhub/boards/XilinxBoardStore/boards/iWave/iw-g36s-4ev1-4e002g-e008g-bee/1.0/board.xml as part xczu4ev-sfvc784-1-e specified in board_part file is either invalid or not available
WARNING: [Board 49-26] cannot add Board Part iwavesystems.com:iw-g36s-5ev1-4e002g-e008g-bed:part0:1.0 available at C:/Xilinx/Vivado/2021.2/data/xhub/boards/XilinxBoardStore/boards/iWave/iw-g36s-5ev1-4e002g-e008g-bed/1.0/board.xml as part xczu5ev-sfvc784-1-e specified in board_part file is either invalid or not available
WARNING: [Board 49-26] cannot add Board Part iwavesystems.com:iw-g36s-5ev1-4e002g-e008g-bee:part0:1.0 available at C:/Xilinx/Vivado/2021.2/data/xhub/boards/XilinxBoardStore/boards/iWave/iw-g36s-5ev1-4e002g-e008g-bee/1.0/board.xml as part xczu5ev-sfvc784-1-e specified in board_part file is either invalid or not available
WARNING: [Board 49-26] cannot add Board Part iwavesystems.com:iw-g36s-5ev1-4e002g-e008g-beg:part0:1.0 available at C:/Xilinx/Vivado/2021.2/data/xhub/boards/XilinxBoardStore/boards/iWave/iw-g36s-5ev1-4e002g-e008g-beg/1.0/board.xml as part xczu5ev-sfvc784-1-e specified in board_part file is either invalid or not available
WARNING: [Board 49-26] cannot add Board Part opalkelly.com:brk1900-7cg:part0:1.0 available at C:/Xilinx/Vivado/2021.2/data/xhub/boards/XilinxBoardStore/boards/OpalKelly/BRK1900-7CG/1.0/board.xml as part xczu7cg-ffvc1156-1-e specified in board_part file is either invalid or not available
WARNING: [Board 49-26] cannot add Board Part opalkelly.com:brk1900-7eg:part0:1.0 available at C:/Xilinx/Vivado/2021.2/data/xhub/boards/XilinxBoardStore/boards/OpalKelly/BRK1900-7EG/1.0/board.xml as part xczu7eg-ffvc1156-1-e specified in board_part file is either invalid or not available
WARNING: [Board 49-26] cannot add Board Part opalkelly.com:brk1900-7ev:part0:1.0 available at C:/Xilinx/Vivado/2021.2/data/xhub/boards/XilinxBoardStore/boards/OpalKelly/BRK1900-7EV/1.0/board.xml as part xczu7ev-ffvc1156-1-e specified in board_part file is either invalid or not available
WARNING: [Board 49-26] cannot add Board Part opalkelly.com:xem7305-s50:part0:1.0 available at C:/Xilinx/Vivado/2021.2/data/xhub/boards/XilinxBoardStore/boards/OpalKelly/XEM7305-S50/1.0/board.xml as part xc7s50csga324-1 specified in board_part file is either invalid or not available
WARNING: [Board 49-26] cannot add Board Part opalkelly.com:xem7350-k160t:part0:1.0 available at C:/Xilinx/Vivado/2021.2/data/xhub/boards/XilinxBoardStore/boards/OpalKelly/XEM7350-K160T/1.0/board.xml as part xc7k160tffg676-1 specified in board_part file is either invalid or not available
WARNING: [Board 49-26] cannot add Board Part opalkelly.com:xem7350-k410t-3e:part0:1.0 available at C:/Xilinx/Vivado/2021.2/data/xhub/boards/XilinxBoardStore/boards/OpalKelly/XEM7350-K410T-3E/1.0/board.xml as part xc7k410tffg676-3 specified in board_part file is either invalid or not available
WARNING: [Board 49-26] cannot add Board Part opalkelly.com:xem7350-k410t:part0:1.0 available at C:/Xilinx/Vivado/2021.2/data/xhub/boards/XilinxBoardStore/boards/OpalKelly/XEM7350-K410T/1.0/board.xml as part xc7k410tffg676-1 specified in board_part file is either invalid or not available
WARNING: [Board 49-26] cannot add Board Part opalkelly.com:xem7350-k70t:part0:1.0 available at C:/Xilinx/Vivado/2021.2/data/xhub/boards/XilinxBoardStore/boards/OpalKelly/XEM7350-K70T/1.0/board.xml as part xc7k70tfbg676-1 specified in board_part file is either invalid or not available
WARNING: [Board 49-26] cannot add Board Part opalkelly.com:xem7360-k160t-3e:part0:1.0 available at C:/Xilinx/Vivado/2021.2/data/xhub/boards/XilinxBoardStore/boards/OpalKelly/XEM7360-K160T-3E/1.0/board.xml as part xc7k160tffg676-3 specified in board_part file is either invalid or not available
WARNING: [Board 49-26] cannot add Board Part opalkelly.com:xem7360-k160t:part0:1.0 available at C:/Xilinx/Vivado/2021.2/data/xhub/boards/XilinxBoardStore/boards/OpalKelly/XEM7360-K160T/1.0/board.xml as part xc7k160tffg676-1 specified in board_part file is either invalid or not available
WARNING: [Board 49-26] cannot add Board Part opalkelly.com:xem7360-k410t-3e:part0:1.0 available at C:/Xilinx/Vivado/2021.2/data/xhub/boards/XilinxBoardStore/boards/OpalKelly/XEM7360-K410T-3E/1.0/board.xml as part xc7k410tffg676-3 specified in board_part file is either invalid or not available
WARNING: [Board 49-26] cannot add Board Part opalkelly.com:xem7360-k410t:part0:1.0 available at C:/Xilinx/Vivado/2021.2/data/xhub/boards/XilinxBoardStore/boards/OpalKelly/XEM7360-K410T/1.0/board.xml as part xc7k410tffg676-1 specified in board_part file is either invalid or not available
WARNING: [Board 49-26] cannot add Board Part opalkelly.com:xem8310-au25p:part0:1.0 available at C:/Xilinx/Vivado/2021.2/data/xhub/boards/XilinxBoardStore/boards/OpalKelly/XEM8310-AU25P/1.0/board.xml as part xcau25p-ffvb676-2-e specified in board_part file is either invalid or not available
WARNING: [Board 49-26] cannot add Board Part opalkelly.com:xem8320-au25p:part0:1.2 available at C:/Xilinx/Vivado/2021.2/data/xhub/boards/XilinxBoardStore/boards/OpalKelly/XEM8320-AU25P/1.2/board.xml as part xcau25p-ffvb676-2-e specified in board_part file is either invalid or not available
WARNING: [Board 49-26] cannot add Board Part opalkelly.com:xem8350-ku060-3e:part0:1.0 available at C:/Xilinx/Vivado/2021.2/data/xhub/boards/XilinxBoardStore/boards/OpalKelly/XEM8350-KU060-3E/1.0/board.xml as part xcku060-ffva1517-3-e specified in board_part file is either invalid or not available
WARNING: [Board 49-26] cannot add Board Part opalkelly.com:xem8350-ku060:part0:1.0 available at C:/Xilinx/Vivado/2021.2/data/xhub/boards/XilinxBoardStore/boards/OpalKelly/XEM8350-KU060/1.0/board.xml as part xcku060-ffva1517-1-c specified in board_part file is either invalid or not available
WARNING: [Board 49-26] cannot add Board Part opalkelly.com:xem8350-ku115:part0:1.0 available at C:/Xilinx/Vivado/2021.2/data/xhub/boards/XilinxBoardStore/boards/OpalKelly/XEM8350-KU115/1.0/board.xml as part xcku115-flva1517-1-c specified in board_part file is either invalid or not available
WARNING: [Board 49-26] cannot add Board Part trenz.biz:am0010_3eg_1i:part0:1.0 available at C:/Xilinx/Vivado/2021.2/data/xhub/boards/XilinxBoardStore/boards/Trenz_Electronic/AM0010_3EG_1I/1.0/board.xml as part xczu3eg-sfvc784-1-i specified in board_part file is either invalid or not available
WARNING: [Board 49-26] cannot add Board Part trenz.biz:am0010_4ev_1e:part0:1.0 available at C:/Xilinx/Vivado/2021.2/data/xhub/boards/XilinxBoardStore/boards/Trenz_Electronic/AM0010_4EV_1E/1.0/board.xml as part xczu4ev-sfvc784-1-e specified in board_part file is either invalid or not available
WARNING: [Board 49-26] cannot add Board Part trenz.biz:te0741_070_2c:part0:1.0 available at C:/Xilinx/Vivado/2021.2/data/xhub/boards/XilinxBoardStore/boards/Trenz_Electronic/TE0741_70_2C/1.0/board.xml as part xc7k70tfbg676-2 specified in board_part file is either invalid or not available
WARNING: [Board 49-26] cannot add Board Part trenz.biz:te0741_070_2i:part0:1.0 available at C:/Xilinx/Vivado/2021.2/data/xhub/boards/XilinxBoardStore/boards/Trenz_Electronic/TE0741_70_2I/1.0/board.xml as part xc7k70tfbg676-2 specified in board_part file is either invalid or not available
WARNING: [Board 49-26] cannot add Board Part trenz.biz:te0741_160_2c:part0:1.0 available at C:/Xilinx/Vivado/2021.2/data/xhub/boards/XilinxBoardStore/boards/Trenz_Electronic/TE0741_160_2C/1.0/board.xml as part xc7k160tfbg676-2 specified in board_part file is either invalid or not available
WARNING: [Board 49-26] cannot add Board Part trenz.biz:te0741_160_2c:part0:2.0 available at C:/Xilinx/Vivado/2021.2/data/xhub/boards/XilinxBoardStore/boards/Trenz_Electronic/TE0741_160_2C/2.0/board.xml as part xc7k160tffg676-2 specified in board_part file is either invalid or not available
WARNING: [Board 49-26] cannot add Board Part trenz.biz:te0741_160_2i:part0:1.0 available at C:/Xilinx/Vivado/2021.2/data/xhub/boards/XilinxBoardStore/boards/Trenz_Electronic/TE0741_160_2I/1.0/board.xml as part xc7k160tfbg676-2 specified in board_part file is either invalid or not available
WARNING: [Board 49-26] cannot add Board Part trenz.biz:te0741_160_3e:part0:2.0 available at C:/Xilinx/Vivado/2021.2/data/xhub/boards/XilinxBoardStore/boards/Trenz_Electronic/TE0741_160_3E/2.0/board.xml as part xc7k160tffg676-3 specified in board_part file is either invalid or not available
WARNING: [Board 49-26] cannot add Board Part trenz.biz:te0741_325_2c:part0:1.0 available at C:/Xilinx/Vivado/2021.2/data/xhub/boards/XilinxBoardStore/boards/Trenz_Electronic/TE0741_325_2C/1.0/board.xml as part xc7k325tfbg676-2 specified in board_part file is either invalid or not available
WARNING: [Board 49-26] cannot add Board Part trenz.biz:te0741_325_2i:part0:1.0 available at C:/Xilinx/Vivado/2021.2/data/xhub/boards/XilinxBoardStore/boards/Trenz_Electronic/TE0741_325_2I/1.0/board.xml as part xc7k325tfbg676-2 specified in board_part file is either invalid or not available
WARNING: [Board 49-26] cannot add Board Part trenz.biz:te0741_410_2c:part0:1.0 available at C:/Xilinx/Vivado/2021.2/data/xhub/boards/XilinxBoardStore/boards/Trenz_Electronic/TE0741_410_2C/1.0/board.xml as part xc7k410tfbg676-2 specified in board_part file is either invalid or not available
WARNING: [Board 49-26] cannot add Board Part trenz.biz:te0741_410_2i:part0:1.0 available at C:/Xilinx/Vivado/2021.2/data/xhub/boards/XilinxBoardStore/boards/Trenz_Electronic/TE0741_410_2I/1.0/board.xml as part xc7k410tfbg676-2 specified in board_part file is either invalid or not available
WARNING: [Board 49-26] cannot add Board Part trenz.biz:te0802_2cg_1e:part0:1.0 available at C:/Xilinx/Vivado/2021.2/data/xhub/boards/XilinxBoardStore/boards/Trenz_Electronic/TE0802_2CG_1E/1.0/board.xml as part xczu2cg-sbva484-1-e specified in board_part file is either invalid or not available
WARNING: [Board 49-26] cannot add Board Part trenz.biz:te0802_2cg_1e:part0:2.0 available at C:/Xilinx/Vivado/2021.2/data/xhub/boards/XilinxBoardStore/boards/Trenz_Electronic/TE0802_2CG_1E/2.0/board.xml as part xczu2cg-sbva484-1-e specified in board_part file is either invalid or not available
WARNING: [Board 49-26] cannot add Board Part trenz.biz:te0803_2cg_1e:part0:1.0 available at C:/Xilinx/Vivado/2021.2/data/xhub/boards/XilinxBoardStore/boards/Trenz_Electronic/TE0803_2CG_1E/1.0/board.xml as part xczu2cg-sfvc784-1-e specified in board_part file is either invalid or not available
WARNING: [Board 49-26] cannot add Board Part trenz.biz:te0803_2cg_1e_tebf0808:part0:2.0 available at C:/Xilinx/Vivado/2021.2/data/xhub/boards/XilinxBoardStore/boards/Trenz_Electronic/TE0803_2CG_1E/2.0/board.xml as part xczu2cg-sfvc784-1-e specified in board_part file is either invalid or not available
WARNING: [Board 49-26] cannot add Board Part trenz.biz:te0803_2eg_1e:part0:1.0 available at C:/Xilinx/Vivado/2021.2/data/xhub/boards/XilinxBoardStore/boards/Trenz_Electronic/TE0803_2EG_1E/1.0/board.xml as part xczu2eg-sfvc784-1-e specified in board_part file is either invalid or not available
WARNING: [Board 49-26] cannot add Board Part trenz.biz:te0803_2eg_1e_tebf0808:part0:2.0 available at C:/Xilinx/Vivado/2021.2/data/xhub/boards/XilinxBoardStore/boards/Trenz_Electronic/TE0803_2EG_1E/2.0/board.xml as part xczu2eg-sfvc784-1-e specified in board_part file is either invalid or not available
WARNING: [Board 49-26] cannot add Board Part trenz.biz:te0803_3cg_1e:part0:1.0 available at C:/Xilinx/Vivado/2021.2/data/xhub/boards/XilinxBoardStore/boards/Trenz_Electronic/TE0803_3CG_1E/1.0/board.xml as part xczu3cg-sfvc784-1-e specified in board_part file is either invalid or not available
WARNING: [Board 49-26] cannot add Board Part trenz.biz:te0803_3cg_1e:part0:5.0 available at C:/Xilinx/Vivado/2021.2/data/xhub/boards/XilinxBoardStore/boards/Trenz_Electronic/TE0803_3CG_1E/5.0/board.xml as part xczu3cg-sfvc784-1-e specified in board_part file is either invalid or not available
WARNING: [Board 49-26] cannot add Board Part trenz.biz:te0803_3cg_1e_tebf0808:part0:2.0 available at C:/Xilinx/Vivado/2021.2/data/xhub/boards/XilinxBoardStore/boards/Trenz_Electronic/TE0803_3CG_1E/2.0/board.xml as part xczu3cg-sfvc784-1-e specified in board_part file is either invalid or not available
WARNING: [Board 49-26] cannot add Board Part trenz.biz:te0803_3cg_1e_tebf0808:part0:6.0 available at C:/Xilinx/Vivado/2021.2/data/xhub/boards/XilinxBoardStore/boards/Trenz_Electronic/TE0803_3CG_1E/6.0/board.xml as part xczu3cg-sfvc784-1-e specified in board_part file is either invalid or not available
WARNING: [Board 49-26] cannot add Board Part trenz.biz:te0803_3eg_1e:part0:1.0 available at C:/Xilinx/Vivado/2021.2/data/xhub/boards/XilinxBoardStore/boards/Trenz_Electronic/TE0803_3EG_1E/1.0/board.xml as part xczu3eg-sfvc784-1-e specified in board_part file is either invalid or not available
WARNING: [Board 49-26] cannot add Board Part trenz.biz:te0803_3eg_1e:part0:3.0 available at C:/Xilinx/Vivado/2021.2/data/xhub/boards/XilinxBoardStore/boards/Trenz_Electronic/TE0803_3EG_1E/3.0/board.xml as part xczu3eg-sfvc784-1-e specified in board_part file is either invalid or not available
WARNING: [Board 49-26] cannot add Board Part trenz.biz:te0803_3eg_1e:part0:5.0 available at C:/Xilinx/Vivado/2021.2/data/xhub/boards/XilinxBoardStore/boards/Trenz_Electronic/TE0803_3EG_1E/5.0/board.xml as part xczu3eg-sfvc784-1-e specified in board_part file is either invalid or not available
WARNING: [Board 49-26] cannot add Board Part trenz.biz:te0803_3eg_1e_tebf0808:part0:2.0 available at C:/Xilinx/Vivado/2021.2/data/xhub/boards/XilinxBoardStore/boards/Trenz_Electronic/TE0803_3EG_1E/2.0/board.xml as part xczu3eg-sfvc784-1-e specified in board_part file is either invalid or not available
WARNING: [Board 49-26] cannot add Board Part trenz.biz:te0803_3eg_1e_tebf0808:part0:4.0 available at C:/Xilinx/Vivado/2021.2/data/xhub/boards/XilinxBoardStore/boards/Trenz_Electronic/TE0803_3EG_1E/4.0/board.xml as part xczu3eg-sfvc784-1-e specified in board_part file is either invalid or not available
WARNING: [Board 49-26] cannot add Board Part trenz.biz:te0803_3eg_1e_tebf0808:part0:6.0 available at C:/Xilinx/Vivado/2021.2/data/xhub/boards/XilinxBoardStore/boards/Trenz_Electronic/TE0803_3EG_1E/6.0/board.xml as part xczu3eg-sfvc784-1-e specified in board_part file is either invalid or not available
WARNING: [Board 49-26] cannot add Board Part trenz.biz:te0803_3eg_1i:part0:3.0 available at C:/Xilinx/Vivado/2021.2/data/xhub/boards/XilinxBoardStore/boards/Trenz_Electronic/TE0803_3EG_1I/3.0/board.xml as part xczu3eg-sfvc784-1-i specified in board_part file is either invalid or not available
WARNING: [Board 49-26] cannot add Board Part trenz.biz:te0803_3eg_1i_tebf0808:part0:4.0 available at C:/Xilinx/Vivado/2021.2/data/xhub/boards/XilinxBoardStore/boards/Trenz_Electronic/TE0803_3EG_1I/4.0/board.xml as part xczu3eg-sfvc784-1-i specified in board_part file is either invalid or not available
WARNING: [Board 49-26] cannot add Board Part trenz.biz:te0803_3eg_1li:part0:3.0 available at C:/Xilinx/Vivado/2021.2/data/xhub/boards/XilinxBoardStore/boards/Trenz_Electronic/TE0803_3EG_1LI/3.0/board.xml as part xczu3eg-sfvc784-1l-i specified in board_part file is either invalid or not available
WARNING: [Board 49-26] cannot add Board Part trenz.biz:te0803_3eg_1li_tebf0808:part0:4.0 available at C:/Xilinx/Vivado/2021.2/data/xhub/boards/XilinxBoardStore/boards/Trenz_Electronic/TE0803_3EG_1LI/4.0/board.xml as part xczu3eg-sfvc784-1l-i specified in board_part file is either invalid or not available
WARNING: [Board 49-26] cannot add Board Part trenz.biz:te0803_4cg_1e:part0:1.0 available at C:/Xilinx/Vivado/2021.2/data/xhub/boards/XilinxBoardStore/boards/Trenz_Electronic/TE0803_4CG_1E/1.0/board.xml as part xczu4cg-sfvc784-1-e specified in board_part file is either invalid or not available
WARNING: [Board 49-26] cannot add Board Part trenz.biz:te0803_4cg_1e_tebf0808:part0:2.0 available at C:/Xilinx/Vivado/2021.2/data/xhub/boards/XilinxBoardStore/boards/Trenz_Electronic/TE0803_4CG_1E/2.0/board.xml as part xczu4cg-sfvc784-1-e specified in board_part file is either invalid or not available
WARNING: [Board 49-26] cannot add Board Part trenz.biz:te0803_4eg_1e:part0:1.0 available at C:/Xilinx/Vivado/2021.2/data/xhub/boards/XilinxBoardStore/boards/Trenz_Electronic/TE0803_4EG_1E/1.0/board.xml as part xczu4eg-sfvc784-1-e specified in board_part file is either invalid or not available
WARNING: [Board 49-26] cannot add Board Part trenz.biz:te0803_4eg_1e:part0:3.0 available at C:/Xilinx/Vivado/2021.2/data/xhub/boards/XilinxBoardStore/boards/Trenz_Electronic/TE0803_4EG_1E/3.0/board.xml as part xczu4eg-sfvc784-1-e specified in board_part file is either invalid or not available
WARNING: [Board 49-26] cannot add Board Part trenz.biz:te0803_4eg_1e_tebf0808:part0:2.0 available at C:/Xilinx/Vivado/2021.2/data/xhub/boards/XilinxBoardStore/boards/Trenz_Electronic/TE0803_4EG_1E/2.0/board.xml as part xczu4eg-sfvc784-1-e specified in board_part file is either invalid or not available
WARNING: [Board 49-26] cannot add Board Part trenz.biz:te0803_4eg_1e_tebf0808:part0:4.0 available at C:/Xilinx/Vivado/2021.2/data/xhub/boards/XilinxBoardStore/boards/Trenz_Electronic/TE0803_4EG_1E/4.0/board.xml as part xczu4eg-sfvc784-1-e specified in board_part file is either invalid or not available
WARNING: [Board 49-26] cannot add Board Part trenz.biz:te0803_4eg_1i:part0:3.0 available at C:/Xilinx/Vivado/2021.2/data/xhub/boards/XilinxBoardStore/boards/Trenz_Electronic/TE0803_4EG_1I/3.0/board.xml as part xczu4eg-sfvc784-1-i specified in board_part file is either invalid or not available
WARNING: [Board 49-26] cannot add Board Part trenz.biz:te0803_4eg_1i:part0:5.0 available at C:/Xilinx/Vivado/2021.2/data/xhub/boards/XilinxBoardStore/boards/Trenz_Electronic/TE0803_4EG_1I/5.0/board.xml as part xczu4eg-sfvc784-1-i specified in board_part file is either invalid or not available
WARNING: [Board 49-26] cannot add Board Part trenz.biz:te0803_4eg_1i_tebf0808:part0:4.0 available at C:/Xilinx/Vivado/2021.2/data/xhub/boards/XilinxBoardStore/boards/Trenz_Electronic/TE0803_4EG_1I/4.0/board.xml as part xczu4eg-sfvc784-1-i specified in board_part file is either invalid or not available
WARNING: [Board 49-26] cannot add Board Part trenz.biz:te0803_4eg_1i_tebf0808:part0:6.0 available at C:/Xilinx/Vivado/2021.2/data/xhub/boards/XilinxBoardStore/boards/Trenz_Electronic/TE0803_4EG_1I/6.0/board.xml as part xczu4eg-sfvc784-1-i specified in board_part file is either invalid or not available
WARNING: [Board 49-26] cannot add Board Part trenz.biz:te0803_4eg_2e:part0:1.0 available at C:/Xilinx/Vivado/2021.2/data/xhub/boards/XilinxBoardStore/boards/Trenz_Electronic/TE0803_4EG_2E/1.0/board.xml as part xczu4eg-sfvc784-2-e specified in board_part file is either invalid or not available
WARNING: [Board 49-26] cannot add Board Part trenz.biz:te0803_4eg_2e:part0:3.0 available at C:/Xilinx/Vivado/2021.2/data/xhub/boards/XilinxBoardStore/boards/Trenz_Electronic/TE0803_4EG_2E/3.0/board.xml as part xczu4eg-sfvc784-2-e specified in board_part file is either invalid or not available
WARNING: [Board 49-26] cannot add Board Part trenz.biz:te0803_4eg_2e_tebf0808:part0:2.0 available at C:/Xilinx/Vivado/2021.2/data/xhub/boards/XilinxBoardStore/boards/Trenz_Electronic/TE0803_4EG_2E/2.0/board.xml as part xczu4eg-sfvc784-2-e specified in board_part file is either invalid or not available
WARNING: [Board 49-26] cannot add Board Part trenz.biz:te0803_4eg_2e_tebf0808:part0:4.0 available at C:/Xilinx/Vivado/2021.2/data/xhub/boards/XilinxBoardStore/boards/Trenz_Electronic/TE0803_4EG_2E/4.0/board.xml as part xczu4eg-sfvc784-2-e specified in board_part file is either invalid or not available
WARNING: [Board 49-26] cannot add Board Part trenz.biz:te0803_4eg_2i:part0:1.0 available at C:/Xilinx/Vivado/2021.2/data/xhub/boards/XilinxBoardStore/boards/Trenz_Electronic/TE0803_4EG_2I/1.0/board.xml as part xczu4eg-sfvc784-2-i specified in board_part file is either invalid or not available
WARNING: [Board 49-26] cannot add Board Part trenz.biz:te0803_4eg_2i:part0:3.0 available at C:/Xilinx/Vivado/2021.2/data/xhub/boards/XilinxBoardStore/boards/Trenz_Electronic/TE0803_4EG_2I/3.0/board.xml as part xczu4eg-sfvc784-2-i specified in board_part file is either invalid or not available
WARNING: [Board 49-26] cannot add Board Part trenz.biz:te0803_4eg_2i_tebf0808:part0:2.0 available at C:/Xilinx/Vivado/2021.2/data/xhub/boards/XilinxBoardStore/boards/Trenz_Electronic/TE0803_4EG_2I/2.0/board.xml as part xczu4eg-sfvc784-2-i specified in board_part file is either invalid or not available
WARNING: [Board 49-26] cannot add Board Part trenz.biz:te0803_4eg_2i_tebf0808:part0:4.0 available at C:/Xilinx/Vivado/2021.2/data/xhub/boards/XilinxBoardStore/boards/Trenz_Electronic/TE0803_4EG_2I/4.0/board.xml as part xczu4eg-sfvc784-2-i specified in board_part file is either invalid or not available
WARNING: [Board 49-26] cannot add Board Part trenz.biz:te0803_4ev_1e:part0:1.0 available at C:/Xilinx/Vivado/2021.2/data/xhub/boards/XilinxBoardStore/boards/Trenz_Electronic/TE0803_4EV_1E/1.0/board.xml as part xczu4ev-sfvc784-1-e specified in board_part file is either invalid or not available
WARNING: [Board 49-26] cannot add Board Part trenz.biz:te0803_4ev_1e:part0:3.0 available at C:/Xilinx/Vivado/2021.2/data/xhub/boards/XilinxBoardStore/boards/Trenz_Electronic/TE0803_4EV_1E/3.0/board.xml as part xczu4ev-sfvc784-1-e specified in board_part file is either invalid or not available
WARNING: [Board 49-26] cannot add Board Part trenz.biz:te0803_4ev_1e_tebf0808:part0:2.0 available at C:/Xilinx/Vivado/2021.2/data/xhub/boards/XilinxBoardStore/boards/Trenz_Electronic/TE0803_4EV_1E/2.0/board.xml as part xczu4ev-sfvc784-1-e specified in board_part file is either invalid or not available
WARNING: [Board 49-26] cannot add Board Part trenz.biz:te0803_4ev_1e_tebf0808:part0:4.0 available at C:/Xilinx/Vivado/2021.2/data/xhub/boards/XilinxBoardStore/boards/Trenz_Electronic/TE0803_4EV_1E/4.0/board.xml as part xczu4ev-sfvc784-1-e specified in board_part file is either invalid or not available
WARNING: [Board 49-26] cannot add Board Part trenz.biz:te0803_4ev_1i:part0:3.0 available at C:/Xilinx/Vivado/2021.2/data/xhub/boards/XilinxBoardStore/boards/Trenz_Electronic/TE0803_4EV_1I/3.0/board.xml as part xczu4ev-sfvc784-1-i specified in board_part file is either invalid or not available
WARNING: [Board 49-26] cannot add Board Part trenz.biz:te0803_4ev_1i_tebf0808:part0:4.0 available at C:/Xilinx/Vivado/2021.2/data/xhub/boards/XilinxBoardStore/boards/Trenz_Electronic/TE0803_4EV_1I/4.0/board.xml as part xczu4ev-sfvc784-1-i specified in board_part file is either invalid or not available
WARNING: [Board 49-26] cannot add Board Part trenz.biz:te0803_5eg_1e:part0:1.0 available at C:/Xilinx/Vivado/2021.2/data/xhub/boards/XilinxBoardStore/boards/Trenz_Electronic/TE0803_5EG_1E/1.0/board.xml as part xczu5eg-sfvc784-1-e specified in board_part file is either invalid or not available
WARNING: [Board 49-26] cannot add Board Part trenz.biz:te0803_5eg_1e_tebf0808:part0:2.0 available at C:/Xilinx/Vivado/2021.2/data/xhub/boards/XilinxBoardStore/boards/Trenz_Electronic/TE0803_5EG_1E/2.0/board.xml as part xczu5eg-sfvc784-1-e specified in board_part file is either invalid or not available
WARNING: [Board 49-26] cannot add Board Part trenz.biz:te0803_5ev_1e:part0:1.0 available at C:/Xilinx/Vivado/2021.2/data/xhub/boards/XilinxBoardStore/boards/Trenz_Electronic/TE0803_5EV_1E/1.0/board.xml as part xczu5ev-sfvc784-1-e specified in board_part file is either invalid or not available
WARNING: [Board 49-26] cannot add Board Part trenz.biz:te0803_5ev_1e_tebf0808:part0:2.0 available at C:/Xilinx/Vivado/2021.2/data/xhub/boards/XilinxBoardStore/boards/Trenz_Electronic/TE0803_5EV_1E/2.0/board.xml as part xczu5ev-sfvc784-1-e specified in board_part file is either invalid or not available
INFO: [Common 17-14] Message 'Board 49-26' appears 100 times and further instances of the messages will be disabled. Use the Tcl command set_msg_config to change the current settings.
Scanning sources...
Finished scanning sources
INFO: [IP_Flow 19-234] Refreshing IP repositories
INFO: [IP_Flow 19-1704] No user IP repositories specified
INFO: [IP_Flow 19-2313] Loaded Vivado IP repository 'C:/Xilinx/Vivado/2021.2/data/ip'.
open_project: Time (s): cpu = 00:00:35 ; elapsed = 00:00:17 . Memory (MB): peak = 1438.520 ; gain = 199.750
update_compile_order -fileset sources_1
open_hw_manager
connect_hw_server -allow_non_jtag
INFO: [Labtools 27-2285] Connecting to hw_server url TCP:localhost:3121
INFO: [Labtools 27-2222] Launching hw_server...
INFO: [Labtools 27-2221] Launch Output:

****** Xilinx hw_server v2021.2
  **** Build date : Oct 19 2021 at 03:13:30
    ** Copyright 1986-2021 Xilinx, Inc. All Rights Reserved.


INFO: [Labtools 27-3415] Connecting to cs_server url TCP:localhost:3042
INFO: [Labtools 27-3417] Launching cs_server...
INFO: [Labtools 27-2221] Launch Output:


******** Xilinx cs_server v2021.2.0
  ****** Build date   : Sep 27 2021-17:44:20
    **** Build number : 2021.2.1632779060
      ** Copyright 2017-2023 Xilinx, Inc. All Rights Reserved.



connect_hw_server: Time (s): cpu = 00:00:02 ; elapsed = 00:00:11 . Memory (MB): peak = 1473.707 ; gain = 5.129
open_hw_target
INFO: [Labtoolstcl 44-466] Opening hw_target localhost:3121/xilinx_tcf/Digilent/210183ACAC4DA
open_hw_target: Time (s): cpu = 00:00:06 ; elapsed = 00:00:07 . Memory (MB): peak = 3254.113 ; gain = 1780.406
set_property PROGRAM.FILE {O:/ENGS31/MorseCode_VGA/MorseCode_VGA.runs/impl_1/game_logic_shell.bit} [get_hw_devices xc7a35t_0]
current_hw_device [get_hw_devices xc7a35t_0]
refresh_hw_device -update_hw_probes false [lindex [get_hw_devices xc7a35t_0] 0]
INFO: [Labtools 27-1434] Device xc7a35t (JTAG device index = 0) is programmed with a design that has no supported debug core(s) in it.
set_property PROBES.FILE {} [get_hw_devices xc7a35t_0]
set_property FULL_PROBES.FILE {} [get_hw_devices xc7a35t_0]
set_property PROGRAM.FILE {O:/ENGS31/MorseCode_VGA/MorseCode_VGA.runs/impl_1/game_logic_shell.bit} [get_hw_devices xc7a35t_0]
program_hw_devices [get_hw_devices xc7a35t_0]
INFO: [Labtools 27-3164] End of startup status: HIGH
refresh_hw_device [lindex [get_hw_devices xc7a35t_0] 0]
INFO: [Labtools 27-1434] Device xc7a35t (JTAG device index = 0) is programmed with a design that has no supported debug core(s) in it.
synth_design -rtl -rtl_skip_mlo -name rtl_1
Command: synth_design -rtl -rtl_skip_mlo -name rtl_1
Starting synth_design
Using part: xc7a35tcpg236-1
Top: game_logic_shell
INFO: [Device 21-403] Loading part xc7a35tcpg236-1
---------------------------------------------------------------------------------
Starting RTL Elaboration : Time (s): cpu = 00:00:06 ; elapsed = 00:00:06 . Memory (MB): peak = 4005.184 ; gain = 369.102
---------------------------------------------------------------------------------
INFO: [Synth 8-638] synthesizing module 'game_logic_shell' [O:/ENGS31/MorseCode_VGA/MorseCode_VGA.srcs/sources_1/new/game_logic_shell.v:62]
	Parameter CLOCK_DIVIDER_RATIO bound to: 4 - type: integer 
INFO: [Synth 8-3491] module 'system_clock_generator' declared at 'O:/ENGS31/MorseCode_VGA/MorseCode_VGA.srcs/sources_1/new/system_clock_generator.vhd:14' bound to instance 'clocking' of component 'system_clock_generator' [O:/ENGS31/MorseCode_VGA/MorseCode_VGA.srcs/sources_1/new/game_logic_shell.v:199]
INFO: [Synth 8-638] synthesizing module 'system_clock_generator' [O:/ENGS31/MorseCode_VGA/MorseCode_VGA.srcs/sources_1/new/system_clock_generator.vhd:25]
	Parameter CLOCK_DIVIDER_RATIO bound to: 4 - type: integer 
INFO: [Synth 8-113] binding component instance 'system_clock_buffer' to cell 'BUFG' [O:/ENGS31/MorseCode_VGA/MorseCode_VGA.srcs/sources_1/new/system_clock_generator.vhd:61]
	Parameter DDR_CLK_EDGE bound to: SAME_EDGE - type: string 
	Parameter INIT bound to: 1'b0 
	Parameter SRTYPE bound to: SYNC - type: string 
INFO: [Synth 8-113] binding component instance 'clock_forwarding_ODDR' to cell 'ODDR' [O:/ENGS31/MorseCode_VGA/MorseCode_VGA.srcs/sources_1/new/system_clock_generator.vhd:70]
INFO: [Synth 8-256] done synthesizing module 'system_clock_generator' (1#1) [O:/ENGS31/MorseCode_VGA/MorseCode_VGA.srcs/sources_1/new/system_clock_generator.vhd:25]
INFO: [Synth 8-3491] module 'button_interface' declared at 'O:/ENGS31/MorseCode_VGA/MorseCode_VGA.srcs/sources_1/new/input_conditioning.vhd:14' bound to instance 'center_button' of component 'button_interface' [O:/ENGS31/MorseCode_VGA/MorseCode_VGA.srcs/sources_1/new/game_logic_shell.v:210]
INFO: [Synth 8-638] synthesizing module 'button_interface' [O:/ENGS31/MorseCode_VGA/MorseCode_VGA.srcs/sources_1/new/input_conditioning.vhd:24]
INFO: [Synth 8-256] done synthesizing module 'button_interface' (2#1) [O:/ENGS31/MorseCode_VGA/MorseCode_VGA.srcs/sources_1/new/input_conditioning.vhd:24]
INFO: [Synth 8-3491] module 'button_interface' declared at 'O:/ENGS31/MorseCode_VGA/MorseCode_VGA.srcs/sources_1/new/input_conditioning.vhd:14' bound to instance 'reset_button' of component 'button_interface' [O:/ENGS31/MorseCode_VGA/MorseCode_VGA.srcs/sources_1/new/game_logic_shell.v:217]
	Parameter T bound to: 6250000 - type: integer 
INFO: [Synth 8-3491] module 'mc_port_gen' declared at 'O:/ENGS31/MorseCode_VGA/MorseCode_VGA.srcs/sources_1/new/mc_port_gen.vhd:14' bound to instance 'ms_gen' of component 'mc_port_gen' [O:/ENGS31/MorseCode_VGA/MorseCode_VGA.srcs/sources_1/new/game_logic_shell.v:226]
INFO: [Synth 8-638] synthesizing module 'mc_port_gen' [O:/ENGS31/MorseCode_VGA/MorseCode_VGA.srcs/sources_1/new/mc_port_gen.vhd:24]
	Parameter T bound to: 6250000 - type: integer 
INFO: [Synth 8-256] done synthesizing module 'mc_port_gen' (3#1) [O:/ENGS31/MorseCode_VGA/MorseCode_VGA.srcs/sources_1/new/mc_port_gen.vhd:24]
INFO: [Synth 8-3491] module 'ascii_memory' declared at 'O:/ENGS31/MorseCode_VGA/.Xil/Vivado-252-mecha-6/realtime/ascii_memory_stub.v:6' bound to instance 'memory' of component 'ascii_memory' [O:/ENGS31/MorseCode_VGA/MorseCode_VGA.srcs/sources_1/new/game_logic_shell.v:233]
INFO: [Synth 8-6157] synthesizing module 'ascii_memory' [O:/ENGS31/MorseCode_VGA/.Xil/Vivado-252-mecha-6/realtime/ascii_memory_stub.v:6]
INFO: [Synth 8-6155] done synthesizing module 'ascii_memory' (4#1) [O:/ENGS31/MorseCode_VGA/.Xil/Vivado-252-mecha-6/realtime/ascii_memory_stub.v:6]
INFO: [Synth 8-3491] module 'SoundGen' declared at 'O:/ENGS31/MorseCode_VGA/MorseCode_VGA.srcs/sources_1/new/sound_generator.vhd:35' bound to instance 'sound' of component 'SoundGen' [O:/ENGS31/MorseCode_VGA/MorseCode_VGA.srcs/sources_1/new/game_logic_shell.v:239]
INFO: [Synth 8-638] synthesizing module 'SoundGen' [O:/ENGS31/MorseCode_VGA/MorseCode_VGA.srcs/sources_1/new/sound_generator.vhd:44]
INFO: [Synth 8-256] done synthesizing module 'SoundGen' (5#1) [O:/ENGS31/MorseCode_VGA/MorseCode_VGA.srcs/sources_1/new/sound_generator.vhd:44]
	Parameter T bound to: 6250000 - type: integer 
INFO: [Synth 8-3491] module 'MorseCodeDecoder' declared at 'O:/ENGS31/MorseCode_VGA/MorseCode_VGA.srcs/sources_1/new/morse_code_decoder.vhd:14' bound to instance 'decoder' of component 'MorseCodeDecoder' [O:/ENGS31/MorseCode_VGA/MorseCode_VGA.srcs/sources_1/new/game_logic_shell.v:246]
INFO: [Synth 8-638] synthesizing module 'MorseCodeDecoder' [O:/ENGS31/MorseCode_VGA/MorseCode_VGA.srcs/sources_1/new/morse_code_decoder.vhd:48]
	Parameter T bound to: 6250000 - type: integer 
INFO: [Synth 8-256] done synthesizing module 'MorseCodeDecoder' (6#1) [O:/ENGS31/MorseCode_VGA/MorseCode_VGA.srcs/sources_1/new/morse_code_decoder.vhd:48]
INFO: [Synth 8-3491] module 'mux7seg' declared at 'O:/ENGS31/MorseCode_VGA/MorseCode_VGA.srcs/sources_1/new/mux7seg.vhd:25' bound to instance 'display' of component 'mux7seg' [O:/ENGS31/MorseCode_VGA/MorseCode_VGA.srcs/sources_1/new/game_logic_shell.v:267]
INFO: [Synth 8-638] synthesizing module 'mux7seg' [O:/ENGS31/MorseCode_VGA/MorseCode_VGA.srcs/sources_1/new/mux7seg.vhd:38]
INFO: [Synth 8-226] default block is never used [O:/ENGS31/MorseCode_VGA/MorseCode_VGA.srcs/sources_1/new/mux7seg.vhd:75]
INFO: [Synth 8-226] default block is never used [O:/ENGS31/MorseCode_VGA/MorseCode_VGA.srcs/sources_1/new/mux7seg.vhd:89]
INFO: [Synth 8-226] default block is never used [O:/ENGS31/MorseCode_VGA/MorseCode_VGA.srcs/sources_1/new/mux7seg.vhd:99]
INFO: [Synth 8-256] done synthesizing module 'mux7seg' (7#1) [O:/ENGS31/MorseCode_VGA/MorseCode_VGA.srcs/sources_1/new/mux7seg.vhd:38]
INFO: [Synth 8-3491] module 'vga_top_shell' declared at 'O:/ENGS31/MorseCode_VGA/MorseCode_VGA.srcs/sources_1/new/vga_top_shell.vhd:35' bound to instance 'vga' of component 'vga_top_shell' [O:/ENGS31/MorseCode_VGA/MorseCode_VGA.srcs/sources_1/new/game_logic_shell.v:279]
INFO: [Synth 8-638] synthesizing module 'vga_top_shell' [O:/ENGS31/MorseCode_VGA/MorseCode_VGA.srcs/sources_1/new/vga_top_shell.vhd:45]
INFO: [Synth 8-3491] module 'bitmaps' declared at 'O:/ENGS31/MorseCode_VGA/.Xil/Vivado-252-mecha-6/realtime/bitmaps_stub.v:6' bound to instance 'Bit_Map_Proc' of component 'bitmaps' [O:/ENGS31/MorseCode_VGA/MorseCode_VGA.srcs/sources_1/new/vga_top_shell.vhd:79]
INFO: [Synth 8-6157] synthesizing module 'bitmaps' [O:/ENGS31/MorseCode_VGA/.Xil/Vivado-252-mecha-6/realtime/bitmaps_stub.v:6]
INFO: [Synth 8-6155] done synthesizing module 'bitmaps' (8#1) [O:/ENGS31/MorseCode_VGA/.Xil/Vivado-252-mecha-6/realtime/bitmaps_stub.v:6]
INFO: [Synth 8-3491] module 'vga_sub_shell' declared at 'O:/ENGS31/MorseCode_VGA/MorseCode_VGA.srcs/sources_1/new/vga_sub_shell.vhd:34' bound to instance 'VGA_proc' of component 'vga_sub_shell' [O:/ENGS31/MorseCode_VGA/MorseCode_VGA.srcs/sources_1/new/vga_top_shell.vhd:85]
INFO: [Synth 8-638] synthesizing module 'vga_sub_shell' [O:/ENGS31/MorseCode_VGA/MorseCode_VGA.srcs/sources_1/new/vga_sub_shell.vhd:44]
INFO: [Synth 8-3491] module 'vga_logic' declared at 'O:/ENGS31/MorseCode_VGA/MorseCode_VGA.srcs/sources_1/new/vga_logic.vhd:9' bound to instance 'VGA' of component 'vga_logic' [O:/ENGS31/MorseCode_VGA/MorseCode_VGA.srcs/sources_1/new/vga_sub_shell.vhd:82]
INFO: [Synth 8-638] synthesizing module 'vga_logic' [O:/ENGS31/MorseCode_VGA/MorseCode_VGA.srcs/sources_1/new/vga_logic.vhd:19]
INFO: [Synth 8-256] done synthesizing module 'vga_logic' (9#1) [O:/ENGS31/MorseCode_VGA/MorseCode_VGA.srcs/sources_1/new/vga_logic.vhd:19]
INFO: [Synth 8-3491] module 'display_logic' declared at 'O:/ENGS31/MorseCode_VGA/MorseCode_VGA.srcs/sources_1/new/display_logic.vhd:36' bound to instance 'Letter_Display' of component 'display_logic' [O:/ENGS31/MorseCode_VGA/MorseCode_VGA.srcs/sources_1/new/vga_sub_shell.vhd:90]
INFO: [Synth 8-638] synthesizing module 'display_logic' [O:/ENGS31/MorseCode_VGA/MorseCode_VGA.srcs/sources_1/new/display_logic.vhd:44]
WARNING: [Synth 8-614] signal 'sx' is read in the process but is not in the sensitivity list [O:/ENGS31/MorseCode_VGA/MorseCode_VGA.srcs/sources_1/new/display_logic.vhd:80]
WARNING: [Synth 8-614] signal 'sy' is read in the process but is not in the sensitivity list [O:/ENGS31/MorseCode_VGA/MorseCode_VGA.srcs/sources_1/new/display_logic.vhd:80]
WARNING: [Synth 8-614] signal 'is_q' is read in the process but is not in the sensitivity list [O:/ENGS31/MorseCode_VGA/MorseCode_VGA.srcs/sources_1/new/display_logic.vhd:80]
WARNING: [Synth 8-614] signal 'status' is read in the process but is not in the sensitivity list [O:/ENGS31/MorseCode_VGA/MorseCode_VGA.srcs/sources_1/new/display_logic.vhd:80]
INFO: [Synth 8-256] done synthesizing module 'display_logic' (10#1) [O:/ENGS31/MorseCode_VGA/MorseCode_VGA.srcs/sources_1/new/display_logic.vhd:44]
INFO: [Synth 8-256] done synthesizing module 'vga_sub_shell' (11#1) [O:/ENGS31/MorseCode_VGA/MorseCode_VGA.srcs/sources_1/new/vga_sub_shell.vhd:44]
INFO: [Synth 8-256] done synthesizing module 'vga_top_shell' (12#1) [O:/ENGS31/MorseCode_VGA/MorseCode_VGA.srcs/sources_1/new/vga_top_shell.vhd:45]
INFO: [Synth 8-256] done synthesizing module 'game_logic_shell' (13#1) [O:/ENGS31/MorseCode_VGA/MorseCode_VGA.srcs/sources_1/new/game_logic_shell.v:62]
WARNING: [Synth 8-7129] Port row[3] in module display_logic is either unconnected or has no load
WARNING: [Synth 8-7129] Port row[2] in module display_logic is either unconnected or has no load
WARNING: [Synth 8-7129] Port row[1] in module display_logic is either unconnected or has no load
WARNING: [Synth 8-7129] Port row[0] in module display_logic is either unconnected or has no load
WARNING: [Synth 8-7129] Port column[3] in module display_logic is either unconnected or has no load
WARNING: [Synth 8-7129] Port column[2] in module display_logic is either unconnected or has no load
WARNING: [Synth 8-7129] Port column[1] in module display_logic is either unconnected or has no load
WARNING: [Synth 8-7129] Port column[0] in module display_logic is either unconnected or has no load
---------------------------------------------------------------------------------
Finished RTL Elaboration : Time (s): cpu = 00:00:07 ; elapsed = 00:00:08 . Memory (MB): peak = 4063.781 ; gain = 427.699
---------------------------------------------------------------------------------
---------------------------------------------------------------------------------
Start Handling Custom Attributes
---------------------------------------------------------------------------------
---------------------------------------------------------------------------------
Finished Handling Custom Attributes : Time (s): cpu = 00:00:08 ; elapsed = 00:00:09 . Memory (MB): peak = 4081.617 ; gain = 445.535
---------------------------------------------------------------------------------
---------------------------------------------------------------------------------
Finished RTL Optimization Phase 1 : Time (s): cpu = 00:00:08 ; elapsed = 00:00:09 . Memory (MB): peak = 4081.617 ; gain = 445.535
---------------------------------------------------------------------------------
INFO: [Project 1-454] Reading design checkpoint 'o:/ENGS31/MorseCode_VGA/MorseCode_VGA.gen/sources_1/ip/ascii_memory/ascii_memory.dcp' for cell 'memory'
INFO: [Project 1-454] Reading design checkpoint 'o:/ENGS31/MorseCode_VGA/MorseCode_VGA.gen/sources_1/ip/bitmaps/bitmaps.dcp' for cell 'vga/Bit_Map_Proc'
Netlist sorting complete. Time (s): cpu = 00:00:00 ; elapsed = 00:00:00.027 . Memory (MB): peak = 4108.160 ; gain = 0.000
INFO: [Netlist 29-17] Analyzing 3 Unisim elements for replacement
INFO: [Netlist 29-28] Unisim Transformation completed in 0 CPU seconds
INFO: [Project 1-479] Netlist was created with Vivado 2021.2
INFO: [Project 1-570] Preparing netlist for logic optimization

Processing XDC Constraints
Initializing timing engine
Parsing XDC File [O:/ENGS31/MorseCode_VGA/MorseCode_VGA.srcs/constrs_1/new/decoder_vga_constraints.xdc]
Finished Parsing XDC File [O:/ENGS31/MorseCode_VGA/MorseCode_VGA.srcs/constrs_1/new/decoder_vga_constraints.xdc]
Completed Processing XDC Constraints

Netlist sorting complete. Time (s): cpu = 00:00:00 ; elapsed = 00:00:00 . Memory (MB): peak = 4191.770 ; gain = 0.000
INFO: [Project 1-111] Unisim Transformation Summary:
No Unisim elements were transformed.

RTL Elaboration Complete:  : Time (s): cpu = 00:00:19 ; elapsed = 00:00:14 . Memory (MB): peak = 4231.324 ; gain = 595.242
52 Infos, 12 Warnings, 0 Critical Warnings and 0 Errors encountered.
synth_design completed successfully
synth_design: Time (s): cpu = 00:00:23 ; elapsed = 00:00:20 . Memory (MB): peak = 4231.324 ; gain = 950.383
ERROR: [Labtoolstcl 44-513] HW Target shutdown. Closing target: localhost:3121/xilinx_tcf/Digilent/210183ACAC4DA
